2025-01-15 10:00:01 INFO  [main] Application started successfully
2025-01-15 10:00:02 INFO  [http-nio-8080] Listening on port 8080
2025-01-15 10:00:15 INFO  [http-nio-8080] GET /api/health - 200 OK (12ms)
2025-01-15 10:00:23 INFO  [http-nio-8080] POST /api/orders - 201 Created (45ms)
2025-01-15 10:00:24 DEBUG [order-service] Order created: order_id=1001, customer=alice@example.com, amount=99.99
2025-01-15 10:00:30 INFO  [http-nio-8080] GET /api/orders/1001 - 200 OK (8ms)
2025-01-15 10:00:45 WARN  [connection-pool] Connection pool running low: 3/10 available
2025-01-15 10:00:52 INFO  [http-nio-8080] POST /api/orders - 201 Created (38ms)
2025-01-15 10:00:53 DEBUG [order-service] Order created: order_id=1002, customer=bob@example.com, amount=149.50
2025-01-15 10:01:05 INFO  [http-nio-8080] PUT /api/orders/1001 - 200 OK (22ms)
2025-01-15 10:01:06 DEBUG [order-service] Order updated: order_id=1001, status=SHIPPED
2025-01-15 10:01:15 ERROR [payment-service] Payment failed for order_id=1002: Card declined
2025-01-15 10:01:16 INFO  [http-nio-8080] POST /api/payments/retry - 202 Accepted (5ms)
2025-01-15 10:01:30 INFO  [payment-service] Payment retry successful for order_id=1002
2025-01-15 10:01:45 INFO  [http-nio-8080] GET /api/health - 200 OK (3ms)
2025-01-15 10:02:00 INFO  [scheduler] Running scheduled task: cleanup-expired-sessions
2025-01-15 10:02:01 INFO  [scheduler] Cleaned up 15 expired sessions
2025-01-15 10:02:15 INFO  [http-nio-8080] POST /api/orders - 201 Created (41ms)
2025-01-15 10:02:16 DEBUG [order-service] Order created: order_id=1003, customer=charlie@example.com, amount=275.00
2025-01-15 10:02:30 WARN  [disk-monitor] Disk usage at 75% on /var/log
2025-01-15 10:02:45 INFO  [http-nio-8080] DELETE /api/orders/1003 - 204 No Content (18ms)
2025-01-15 10:02:46 DEBUG [order-service] Order cancelled: order_id=1003, reason=customer_request
2025-01-15 10:03:00 INFO  [http-nio-8080] GET /api/metrics - 200 OK (156ms)
2025-01-15 10:03:15 INFO  [cache-service] Cache hit ratio: 89.2%
2025-01-15 10:03:30 ERROR [database] Connection timeout after 30000ms - retrying
2025-01-15 10:03:32 INFO  [database] Connection re-established successfully
2025-01-15 10:03:45 INFO  [http-nio-8080] POST /api/users - 201 Created (67ms)
2025-01-15 10:04:00 INFO  [email-service] Sent welcome email to david@example.com
2025-01-15 10:04:15 INFO  [http-nio-8080] GET /api/health - 200 OK (4ms)
2025-01-15 10:04:30 DEBUG [auth-service] Token refreshed for user_id=42
